# JRE version: OpenJDK Runtime Environment (8.0_121-b13) (build 1.8.0_121-8u121-b13-0ubuntu1.16.10.2-b13)
# Java VM: OpenJDK 64-Bit Server VM (25.121-b13 mixed mode linux-amd64 compressed oops)
Heap:
 PSYoungGen      total 252416K, used 18810K [0x00000000eab00000, 0x0000000100000000, 0x0000000100000000)
  eden space 157184K, 0% used [0x00000000eab00000,0x00000000eab00000,0x00000000f4480000)
  from space 95232K, 19% used [0x00000000f4480000,0x00000000f56debf8,0x00000000fa180000)
  to   space 94208K, 0% used [0x00000000fa400000,0x00000000fa400000,0x0000000100000000)
 ParOldGen       total 699392K, used 297983K [0x00000000c0000000, 0x00000000eab00000, 0x00000000eab00000)
  object space 699392K, 42% used [0x00000000c0000000,0x00000000d22ffdd0,0x00000000eab00000)
 Metaspace       used 145455K, capacity 146425K, committed 146560K, reserved 1171456K
  class space    used 24145K, capacity 24417K, committed 24448K, reserved 1048576K
GC Heap History (10 events):
Event: 1779.757 GC heap after
Heap after GC invocations=36 (full 5):
 PSYoungGen      total 235008K, used 58555K [0x00000000eab00000, 0x0000000100000000, 0x0000000100000000)
  eden space 176128K, 0% used [0x00000000eab00000,0x00000000eab00000,0x00000000f5700000)
  from space 58880K, 99% used [0x00000000f5700000,0x00000000f902ed20,0x00000000f9080000)
  to   space 90112K, 0% used [0x00000000fa800000,0x00000000fa800000,0x0000000100000000)
 ParOldGen       total 699392K, used 242117K [0x00000000c0000000, 0x00000000eab00000, 0x00000000eab00000)
  object space 699392K, 34% used [0x00000000c0000000,0x00000000cec71480,0x00000000eab00000)
 Metaspace       used 139928K, capacity 140889K, committed 141184K, reserved 1167360K
  class space    used 23350K, capacity 23574K, committed 23680K, reserved 1048576K
}
Event: 1780.762 GC heap before
{Heap before GC invocations=37 (full 5):
 PSYoungGen      total 235008K, used 234683K [0x00000000eab00000, 0x0000000100000000, 0x0000000100000000)
  eden space 176128K, 100% used [0x00000000eab00000,0x00000000f5700000,0x00000000f5700000)
  from space 58880K, 99% used [0x00000000f5700000,0x00000000f902ed20,0x00000000f9080000)
  to   space 90112K, 0% used [0x00000000fa800000,0x00000000fa800000,0x0000000100000000)
 ParOldGen       total 699392K, used 242117K [0x00000000c0000000, 0x00000000eab00000, 0x00000000eab00000)
  object space 699392K, 34% used [0x00000000c0000000,0x00000000cec71480,0x00000000eab00000)
 Metaspace       used 139990K, capacity 140953K, committed 141184K, reserved 1167360K
  class space    used 23351K, capacity 23574K, committed 23680K, reserved 1048576K
Event: 1780.805 GC heap after
Heap after GC invocations=37 (full 5):
 PSYoungGen      total 252928K, used 58196K [0x00000000eab00000, 0x0000000100000000, 0x0000000100000000)
  eden space 162816K, 0% used [0x00000000eab00000,0x00000000eab00000,0x00000000f4a00000)
  from space 90112K, 64% used [0x00000000fa800000,0x00000000fe0d5090,0x0000000100000000)
  to   space 93184K, 0% used [0x00000000f4a00000,0x00000000f4a00000,0x00000000fa500000)
 ParOldGen       total 699392K, used 242125K [0x00000000c0000000, 0x00000000eab00000, 0x00000000eab00000)
  object space 699392K, 34% used [0x00000000c0000000,0x00000000cec73480,0x00000000eab00000)
 Metaspace       used 139990K, capacity 140953K, committed 141184K, reserved 1167360K
  class space    used 23351K, capacity 23574K, committed 23680K, reserved 1048576K
}
Event: 1781.733 GC heap before
{Heap before GC invocations=38 (full 5):
 PSYoungGen      total 252928K, used 221012K [0x00000000eab00000, 0x0000000100000000, 0x0000000100000000)
  eden space 162816K, 100% used [0x00000000eab00000,0x00000000f4a00000,0x00000000f4a00000)
  from space 90112K, 64% used [0x00000000fa800000,0x00000000fe0d5090,0x0000000100000000)
  to   space 93184K, 0% used [0x00000000f4a00000,0x00000000f4a00000,0x00000000fa500000)
 ParOldGen       total 699392K, used 242125K [0x00000000c0000000, 0x00000000eab00000, 0x00000000eab00000)
  object space 699392K, 34% used [0x00000000c0000000,0x00000000cec73480,0x00000000eab00000)
 Metaspace       used 143788K, capacity 144667K, committed 145024K, reserved 1169408K
  class space    used 23854K, capacity 24088K, committed 24192K, reserved 1048576K
Event: 1781.780 GC heap after
Heap after GC invocations=38 (full 5):
 PSYoungGen      total 226816K, used 63921K [0x00000000eab00000, 0x0000000100000000, 0x0000000100000000)
  eden space 162816K, 0% used [0x00000000eab00000,0x00000000eab00000,0x00000000f4a00000)
  from space 64000K, 99% used [0x00000000f4a00000,0x00000000f886c4d8,0x00000000f8880000)
  to   space 96768K, 0% used [0x00000000fa180000,0x00000000fa180000,0x0000000100000000)
 ParOldGen       total 699392K, used 247045K [0x00000000c0000000, 0x00000000eab00000, 0x00000000eab00000)
  object space 699392K, 35% used [0x00000000c0000000,0x00000000cf141480,0x00000000eab00000)
 Metaspace       used 143788K, capacity 144667K, committed 145024K, reserved 1169408K
  class space    used 23854K, capacity 24088K, committed 24192K, reserved 1048576K
}
Event: 1782.745 GC heap before
{Heap before GC invocations=39 (full 5):
 PSYoungGen      total 226816K, used 226737K [0x00000000eab00000, 0x0000000100000000, 0x0000000100000000)
  eden space 162816K, 100% used [0x00000000eab00000,0x00000000f4a00000,0x00000000f4a00000)
  from space 64000K, 99% used [0x00000000f4a00000,0x00000000f886c4d8,0x00000000f8880000)
  to   space 96768K, 0% used [0x00000000fa180000,0x00000000fa180000,0x0000000100000000)
 ParOldGen       total 699392K, used 247045K [0x00000000c0000000, 0x00000000eab00000, 0x00000000eab00000)
  object space 699392K, 35% used [0x00000000c0000000,0x00000000cf141480,0x00000000eab00000)
 Metaspace       used 145365K, capacity 146361K, committed 146560K, reserved 1171456K
  class space    used 24126K, capacity 24417K, committed 24448K, reserved 1048576K
Event: 1782.813 GC heap after
Heap after GC invocations=39 (full 5):
 PSYoungGen      total 253952K, used 52261K [0x00000000eab00000, 0x0000000100000000, 0x0000000100000000)
  eden space 157184K, 0% used [0x00000000eab00000,0x00000000eab00000,0x00000000f4480000)
  from space 96768K, 54% used [0x00000000fa180000,0x00000000fd489720,0x0000000100000000)
  to   space 95232K, 0% used [0x00000000f4480000,0x00000000f4480000,0x00000000fa180000)
 ParOldGen       total 699392K, used 264432K [0x00000000c0000000, 0x00000000eab00000, 0x00000000eab00000)
  object space 699392K, 37% used [0x00000000c0000000,0x00000000d023c370,0x00000000eab00000)
 Metaspace       used 145365K, capacity 146361K, committed 146560K, reserved 1171456K
  class space    used 24126K, capacity 24417K, committed 24448K, reserved 1048576K
}
Event: 1782.915 GC heap before
{Heap before GC invocations=40 (full 5):
 PSYoungGen      total 253952K, used 64683K [0x00000000eab00000, 0x0000000100000000, 0x0000000100000000)
  eden space 157184K, 7% used [0x00000000eab00000,0x00000000eb721728,0x00000000f4480000)
  from space 96768K, 54% used [0x00000000fa180000,0x00000000fd489720,0x0000000100000000)
  to   space 95232K, 0% used [0x00000000f4480000,0x00000000f4480000,0x00000000fa180000)
 ParOldGen       total 699392K, used 264432K [0x00000000c0000000, 0x00000000eab00000, 0x00000000eab00000)
  object space 699392K, 37% used [0x00000000c0000000,0x00000000d023c370,0x00000000eab00000)
 Metaspace       used 145455K, capacity 146425K, committed 146560K, reserved 1171456K
  class space    used 24145K, capacity 24417K, committed 24448K, reserved 1048576K
Event: 1782.946 GC heap after
Heap after GC invocations=40 (full 5):
 PSYoungGen      total 252416K, used 18810K [0x00000000eab00000, 0x0000000100000000, 0x0000000100000000)
  eden space 157184K, 0% used [0x00000000eab00000,0x00000000eab00000,0x00000000f4480000)
  from space 95232K, 19% used [0x00000000f4480000,0x00000000f56debf8,0x00000000fa180000)
  to   space 94208K, 0% used [0x00000000fa400000,0x00000000fa400000,0x0000000100000000)
 ParOldGen       total 699392K, used 297983K [0x00000000c0000000, 0x00000000eab00000, 0x00000000eab00000)
  object space 699392K, 42% used [0x00000000c0000000,0x00000000d22ffdd0,0x00000000eab00000)
 Metaspace       used 145455K, capacity 146425K, committed 146560K, reserved 1171456K
  class space    used 24145K, capacity 24417K, committed 24448K, reserved 1048576K
}
Event: 1782.946 GC heap before
{Heap before GC invocations=41 (full 6):
 PSYoungGen      total 252416K, used 18810K [0x00000000eab00000, 0x0000000100000000, 0x0000000100000000)
  eden space 157184K, 0% used [0x00000000eab00000,0x00000000eab00000,0x00000000f4480000)
  from space 95232K, 19% used [0x00000000f4480000,0x00000000f56debf8,0x00000000fa180000)
  to   space 94208K, 0% used [0x00000000fa400000,0x00000000fa400000,0x0000000100000000)
 ParOldGen       total 699392K, used 297983K [0x00000000c0000000, 0x00000000eab00000, 0x00000000eab00000)
  object space 699392K, 42% used [0x00000000c0000000,0x00000000d22ffdd0,0x00000000eab00000)
 Metaspace       used 145455K, capacity 146425K, committed 146560K, reserved 1171456K
  class space    used 24145K, capacity 24417K, committed 24448K, reserved 1048576K

